Build started 2018/9/5 11:24:09.
     1>Project "E:\VS2013\Projects2013\yfOpenGLES3\MRTs\MRTs.vcxproj" on node 2 (Build target(s)).
     1>C:\Program Files (x86)\MSBuild\12.0\bin\Microsoft.Common.CurrentVersion.targets(1492,5): warning : The referenced project 'E:\VS2013\Projects2013\OpenGLES3build0904\ZERO_CHECK.vcxproj' does not exist.
     1>C:\Program Files (x86)\MSBuild\12.0\bin\Microsoft.Common.CurrentVersion.targets(1492,5): warning : The referenced project 'E:\VS2013\Projects2013\OpenGLES3build0904\Common\Common.vcxproj' does not exist.
     1>CustomBuild:
         Building Custom Rule E:/VS2013/Projects2013/opengles3-book-master/Chapter_11/MRTs/CMakeLists.txt
         CMake is re-running because E:/VS2013/Projects2013/OpenGLES3build0904/Chapter_11/MRTs/CMakeFiles/generate.stamp dependency file is missing.
     1>CUSTOMBUILD : CMake error : The following variables are used in this project, but they are set to NOTFOUND.
         Please set them or make sure they are set and tested correctly in the CMake files:
         EGL_LIBRARY
             linked by target "Common" in directory E:/VS2013/Projects2013/opengles3-book-master/Common
         OPENGLES3_LIBRARY
             linked by target "Common" in directory E:/VS2013/Projects2013/opengles3-book-master/Common
         
         -- Configuring incomplete, errors occurred!
         See also "E:/VS2013/Projects2013/OpenGLES3build0904/CMakeFiles/CMakeOutput.log".
     1>Done Building Project "E:\VS2013\Projects2013\yfOpenGLES3\MRTs\MRTs.vcxproj" (Build target(s)) -- FAILED.

Build FAILED.

Time Elapsed 00:00:00.12
